<?xml version="1.0" encoding="UTF-8" ?>
<testsuite tests="5" failures="0" name="app.CarritoTest" time="0.003" errors="0" skipped="0">
  <properties>
    <property name="jansi.mode" value="force"/>
    <property name="java.runtime.name" value="OpenJDK Runtime Environment"/>
    <property name="java.vm.version" value="17.0.7+7"/>
    <property name="sun.boot.library.path" value="D:\Google Drive\FUNDAMENTOS DEVOPS\IDE\sts-4.18.1.RELEASE\plugins\org.eclipse.justj.openjdk.hotspot.jre.full.win32.x86_64_17.0.7.v20230425-1502\jre\bin"/>
    <property name="maven.multiModuleProjectDirectory" value="D:\Google Drive\FUNDAMENTOS DEVOPS\IDE\workspace\carritocompra"/>
    <property name="java.vm.vendor" value="Eclipse Adoptium"/>
    <property name="java.vendor.url" value="https://adoptium.net/"/>
    <property name="guice.disable.misplaced.annotation.check" value="true"/>
    <property name="path.separator" value=";"/>
    <property name="java.vm.name" value="OpenJDK 64-Bit Server VM"/>
    <property name="sun.os.patch.level" value=""/>
    <property name="user.script" value=""/>
    <property name="user.country" value="CL"/>
    <property name="sun.java.launcher" value="SUN_STANDARD"/>
    <property name="java.vm.specification.name" value="Java Virtual Machine Specification"/>
    <property name="user.dir" value="D:\Google Drive\FUNDAMENTOS DEVOPS\IDE\workspace\carritocompra"/>
    <property name="java.vm.compressedOopsMode" value="Zero based"/>
    <property name="java.runtime.version" value="17.0.7+7"/>
    <property name="os.arch" value="amd64"/>
    <property name="java.io.tmpdir" value="C:\Users\Ricardo\AppData\Local\Temp\"/>
    <property name="line.separator" value="
"/>
    <property name="java.vm.specification.vendor" value="Oracle Corporation"/>
    <property name="user.variant" value=""/>
    <property name="os.name" value="Windows 11"/>
    <property name="classworlds.conf" value="D:\Google Drive\FUNDAMENTOS DEVOPS\IDE\workspace\.metadata\.plugins\org.eclipse.m2e.launching\launches\m2conf13144203723881472826.tmp"/>
    <property name="sun.jnu.encoding" value="Cp1252"/>
    <property name="java.library.path" value="D:\Google Drive\FUNDAMENTOS DEVOPS\IDE\sts-4.18.1.RELEASE\plugins\org.eclipse.justj.openjdk.hotspot.jre.full.win32.x86_64_17.0.7.v20230425-1502\jre\bin;C:\WINDOWS\Sun\Java\bin;C:\WINDOWS\system32;C:\WINDOWS;D:/Google Drive/FUNDAMENTOS DEVOPS/IDE/sts-4.18.1.RELEASE//plugins/org.eclipse.justj.openjdk.hotspot.jre.full.win32.x86_64_17.0.7.v20230425-1502/jre/bin/server;D:/Google Drive/FUNDAMENTOS DEVOPS/IDE/sts-4.18.1.RELEASE//plugins/org.eclipse.justj.openjdk.hotspot.jre.full.win32.x86_64_17.0.7.v20230425-1502/jre/bin;C:\Program Files\Eclipse Adoptium\jdk-17.0.7.7-hotspot\bin;C:\Program Files (x86)\VMware\VMware Workstation\bin\;C:\WINDOWS\system32;C:\WINDOWS;C:\WINDOWS\System32\Wbem;C:\WINDOWS\System32\WindowsPowerShell\v1.0\;C:\WINDOWS\System32\OpenSSH\;C:\Program Files\Git\cmd;C:\apache-maven-3.9.2\bin;C:\Users\Ricardo\AppData\Local\Microsoft\WindowsApps;;C:\Users\Ricardo\AppData\Local\Programs\Microsoft VS Code\bin;D:\Google Drive\FUNDAMENTOS DEVOPS\IDE\sts-4.18.1.RELEASE;;."/>
    <property name="jdk.debug" value="release"/>
    <property name="java.class.version" value="61.0"/>
    <property name="java.specification.name" value="Java Platform API Specification"/>
    <property name="sun.management.compiler" value="HotSpot 64-Bit Tiered Compilers"/>
    <property name="os.version" value="10.0"/>
    <property name="user.home" value="C:\Users\Ricardo"/>
    <property name="user.timezone" value="America/Santiago"/>
    <property name="file.encoding" value="UTF-8"/>
    <property name="java.specification.version" value="17"/>
    <property name="user.name" value="Ricardo"/>
    <property name="java.class.path" value="D:\Google Drive\FUNDAMENTOS DEVOPS\IDE\sts-4.18.1.RELEASE\plugins\org.eclipse.m2e.maven.runtime_3.8.701.20230209-1606\jars\plexus-classworlds-2.6.0.jar"/>
    <property name="java.vm.specification.version" value="17"/>
    <property name="sun.arch.data.model" value="64"/>
    <property name="sun.java.command" value="org.codehaus.plexus.classworlds.launcher.Launcher -B -Dstyle.color=always install"/>
    <property name="java.home" value="D:\Google Drive\FUNDAMENTOS DEVOPS\IDE\sts-4.18.1.RELEASE\plugins\org.eclipse.justj.openjdk.hotspot.jre.full.win32.x86_64_17.0.7.v20230425-1502\jre"/>
    <property name="user.language" value="es"/>
    <property name="java.specification.vendor" value="Oracle Corporation"/>
    <property name="java.vm.info" value="mixed mode"/>
    <property name="java.version" value="17.0.7"/>
    <property name="native.encoding" value="Cp1252"/>
    <property name="java.vendor" value="Eclipse Adoptium"/>
    <property name="maven.home" value="D:\Google Drive\FUNDAMENTOS DEVOPS\IDE\workspace\carritocompra\EMBEDDED"/>
    <property name="style.color" value="always"/>
    <property name="file.separator" value="\"/>
    <property name="java.version.date" value="2023-04-18"/>
    <property name="java.vendor.url.bug" value="https://github.com/adoptium/adoptium-support/issues"/>
    <property name="sun.io.unicode.encoding" value="UnicodeLittle"/>
    <property name="sun.cpu.endian" value="little"/>
    <property name="java.vendor.version" value="Temurin-17.0.7+7"/>
    <property name="m2e.build.project.data.socket.port" value="50453"/>
    <property name="sun.cpu.isalist" value="amd64"/>
  </properties>
  <testcase classname="app.CarritoTest" name="testEliminarProductoInexistente" time="0.003"/>
  <testcase classname="app.CarritoTest" name="testCalcularTotal" time="0"/>
  <testcase classname="app.CarritoTest" name="testEliminarProducto" time="0"/>
  <testcase classname="app.CarritoTest" name="testCalcularTotalDespuesDeAgregarProductos" time="0"/>
  <testcase classname="app.CarritoTest" name="testAgregarProducto" time="0"/>
</testsuite>